<?xml version="1.0" encoding="UTF-8"?>
<testsuite xmlns:xsi="http://www.w3.org/2001/XMLSchema-instance" xsi:noNamespaceSchemaLocation="https://maven.apache.org/surefire/maven-surefire-plugin/xsd/surefire-test-report-3.0.xsd" version="3.0" name="com.example.accounting.ExternalContactTests" time="10.225" tests="1" errors="0" skipped="0" failures="0">
  <properties>
[...]
</properties>
  <testcase name="createAndDeactivateContact" classname="com.example.accounting.ExternalContactTests" time="1.025">
    <system-out><![CDATA[22:30:25.458 [main] INFO org.springframework.test.context.support.AnnotationConfigContextLoaderUtils -- Could not detect default configuration classes for test class [com.example.accounting.ExternalContactTests]: ExternalContactTests does not declare any static, non-private, non-final, nested classes annotated with @Configuration.
22:30:25.613 [main] INFO org.springframework.boot.test.context.SpringBootTestContextBootstrapper -- Found @SpringBootConfiguration com.example.accounting.AccountingApplication for test class com.example.accounting.ExternalContactTests

  .   ____          _            __ _ _
 /\\ / ___'_ __ _ _(_)_ __  __ _ \ \ \ \
( ( )\___ | '_ | '_| | '_ \/ _` | \ \ \ \
 \\/  ___)| |_)| | | | | || (_| |  ) ) ) )
  '  |____| .__|_| |_|_| |_\__, | / / / /
 =========|_|==============|___/=/_/_/_/

 :: Spring Boot ::                (v3.3.1)

2025-12-22T22:30:26.170+08:00  INFO 61980 --- [           main] c.e.accounting.ExternalContactTests      : Starting ExternalContactTests using Java 17 with PID 61980 (started by Tan_By in D:\TANBOYU\学习\系统分析与设计\accountting(3)\backend)
2025-12-22T22:30:26.172+08:00  INFO 61980 --- [           main] c.e.accounting.ExternalContactTests      : No active profile set, falling back to 1 default profile: "default"
2025-12-22T22:30:27.822+08:00  INFO 61980 --- [           main] .s.d.r.c.RepositoryConfigurationDelegate : Bootstrapping Spring Data JPA repositories in DEFAULT mode.
2025-12-22T22:30:27.957+08:00  INFO 61980 --- [           main] .s.d.r.c.RepositoryConfigurationDelegate : Finished Spring Data repository scanning in 120 ms. Found 12 JPA repository interfaces.
2025-12-22T22:30:28.941+08:00  INFO 61980 --- [           main] o.hibernate.jpa.internal.util.LogHelper  : HHH000204: Processing PersistenceUnitInfo [name: default]
2025-12-22T22:30:29.146+08:00  INFO 61980 --- [           main] org.hibernate.Version                    : HHH000412: Hibernate ORM core version 6.5.2.Final
2025-12-22T22:30:29.253+08:00  INFO 61980 --- [           main] o.h.c.internal.RegionFactoryInitiator    : HHH000026: Second-level cache disabled
2025-12-22T22:30:29.893+08:00  INFO 61980 --- [           main] o.s.o.j.p.SpringPersistenceUnitInfo      : No LoadTimeWeaver setup: ignoring JPA class transformer
2025-12-22T22:30:29.928+08:00  INFO 61980 --- [           main] com.zaxxer.hikari.HikariDataSource       : HikariPool-1 - Starting...
2025-12-22T22:30:30.093+08:00  INFO 61980 --- [           main] com.zaxxer.hikari.pool.HikariPool        : HikariPool-1 - Added connection conn0: url=jdbc:h2:mem:accountingdb user=SA
2025-12-22T22:30:30.095+08:00  INFO 61980 --- [           main] com.zaxxer.hikari.HikariDataSource       : HikariPool-1 - Start completed.
2025-12-22T22:30:31.384+08:00  INFO 61980 --- [           main] o.h.e.t.j.p.i.JtaPlatformInitiator       : HHH000489: No JTA platform available (set 'hibernate.transaction.jta.platform' to enable JTA platform integration)
2025-12-22T22:30:31.430+08:00 DEBUG 61980 --- [           main] org.hibernate.SQL                        : 
    create table accounts (
        id bigint generated by default as identity,
        balance numeric(19,4) not null,
        code varchar(32),
        enabled boolean not null,
        name varchar(128) not null,
        type enum ('ASSET','EQUITY','EXPENSE','INCOME','LIABILITY') not null,
        currency_id bigint not null,
        parent_id bigint,
        primary key (id)
    )
Hibernate: 
    create table accounts (
        id bigint generated by default as identity,
        balance numeric(19,4) not null,
        code varchar(32),
        enabled boolean not null,
        name varchar(128) not null,
        type enum ('ASSET','EQUITY','EXPENSE','INCOME','LIABILITY') not null,
        currency_id bigint not null,
        parent_id bigint,
        primary key (id)
    )
2025-12-22T22:30:31.442+08:00 DEBUG 61980 --- [           main] org.hibernate.SQL                        : 
    create table bank_statement_records (
        id bigint generated by default as identity,
        balance numeric(19,4),
        credit_amount numeric(19,4),
        date date not null,
        debit_amount numeric(19,4),
        description varchar(256),
        match_status varchar(32),
        reference varchar(64),
        account_id bigint not null,
        primary key (id)
    )
Hibernate: 
    create table bank_statement_records (
        id bigint generated by default as identity,
        balance numeric(19,4),
        credit_amount numeric(19,4),
        date date not null,
        debit_amount numeric(19,4),
        description varchar(256),
        match_status varchar(32),
        reference varchar(64),
        account_id bigint not null,
        primary key (id)
    )
2025-12-22T22:30:31.444+08:00 DEBUG 61980 --- [           main] org.hibernate.SQL                        : 
    create table companies (
        id bigint generated by default as identity,
        accounting_standard varchar(64),
        initialized boolean not null,
        name varchar(128) not null,
        start_date date not null,
        tax_id varchar(64),
        default_currency_id bigint,
        primary key (id)
    )
Hibernate: 
    create table companies (
        id bigint generated by default as identity,
        accounting_standard varchar(64),
        initialized boolean not null,
        name varchar(128) not null,
        start_date date not null,
        tax_id varchar(64),
        default_currency_id bigint,
        primary key (id)
    )
2025-12-22T22:30:31.446+08:00 DEBUG 61980 --- [           main] org.hibernate.SQL                        : 
    create table currencies (
        id bigint generated by default as identity,
        code varchar(8) not null,
        fraction_digits integer not null,
        name varchar(64) not null,
        primary key (id)
    )
Hibernate: 
    create table currencies (
        id bigint generated by default as identity,
        code varchar(8) not null,
        fraction_digits integer not null,
        name varchar(64) not null,
        primary key (id)
    )
2025-12-22T22:30:31.447+08:00 DEBUG 61980 --- [           main] org.hibernate.SQL                        : 
    create table exchange_rates (
        id bigint generated by default as identity,
        rate numeric(19,8) not null,
        rate_date date not null,
        from_currency_id bigint not null,
        to_currency_id bigint not null,
        primary key (id)
    )
Hibernate: 
    create table exchange_rates (
        id bigint generated by default as identity,
        rate numeric(19,8) not null,
        rate_date date not null,
        from_currency_id bigint not null,
        to_currency_id bigint not null,
        primary key (id)
    )
2025-12-22T22:30:31.450+08:00 DEBUG 61980 --- [           main] org.hibernate.SQL                        : 
    create table external_contacts (
        id bigint generated by default as identity,
        address varchar(256),
        bank_account varchar(64),
        bank_name varchar(64),
        email varchar(64),
        main_contact varchar(64),
        name varchar(128) not null,
        phone varchar(32),
        status varchar(16) not null,
        tax_id varchar(32),
        type varchar(32) not null,
        primary key (id)
    )
Hibernate: 
    create table external_contacts (
        id bigint generated by default as identity,
        address varchar(256),
        bank_account varchar(64),
        bank_name varchar(64),
        email varchar(64),
        main_contact varchar(64),
        name varchar(128) not null,
        phone varchar(32),
        status varchar(16) not null,
        tax_id varchar(32),
        type varchar(32) not null,
        primary key (id)
    )
2025-12-22T22:30:31.452+08:00 DEBUG 61980 --- [           main] org.hibernate.SQL                        : 
    create table reconciliation_tasks (
        id bigint generated by default as identity,
        executed_at timestamp(6),
        executor varchar(64),
        period_end date not null,
        period_start date not null,
        status varchar(32) not null,
        account_id bigint not null,
        primary key (id)
    )
Hibernate: 
    create table reconciliation_tasks (
        id bigint generated by default as identity,
        executed_at timestamp(6),
        executor varchar(64),
        period_end date not null,
        period_start date not null,
        status varchar(32) not null,
        account_id bigint not null,
        primary key (id)
    )
2025-12-22T22:30:31.453+08:00 DEBUG 61980 --- [           main] org.hibernate.SQL                        : 
    create table role_permissions (
        role_id bigint not null,
        permission_code varchar(64)
    )
Hibernate: 
    create table role_permissions (
        role_id bigint not null,
        permission_code varchar(64)
    )
2025-12-22T22:30:31.455+08:00 DEBUG 61980 --- [           main] org.hibernate.SQL                        : 
    create table roles (
        id bigint generated by default as identity,
        description varchar(256),
        name varchar(64) not null,
        primary key (id)
    )
Hibernate: 
    create table roles (
        id bigint generated by default as identity,
        description varchar(256),
        name varchar(64) not null,
        primary key (id)
    )
2025-12-22T22:30:31.457+08:00 DEBUG 61980 --- [           main] org.hibernate.SQL                        : 
    create table tax_declarations (
        id bigint generated by default as identity,
        period_end date not null,
        period_start date not null,
        remark varchar(256),
        status varchar(32) not null,
        submitted_at timestamp(6),
        tax_due numeric(19,2),
        tax_paid numeric(19,2),
        tax_payable numeric(19,2),
        tax_relief numeric(19,2),
        tax_type varchar(64) not null,
        taxable_amount numeric(19,2),
        primary key (id)
    )
Hibernate: 
    create table tax_declarations (
        id bigint generated by default as identity,
        period_end date not null,
        period_start date not null,
        remark varchar(256),
        status varchar(32) not null,
        submitted_at timestamp(6),
        tax_due numeric(19,2),
        tax_paid numeric(19,2),
        tax_payable numeric(19,2),
        tax_relief numeric(19,2),
        tax_type varchar(64) not null,
        taxable_amount numeric(19,2),
        primary key (id)
    )
2025-12-22T22:30:31.458+08:00 DEBUG 61980 --- [           main] org.hibernate.SQL                        : 
    create table transaction_entries (
        id bigint generated by default as identity,
        amount numeric(19,4) not null,
        debit_credit enum ('CREDIT','DEBIT') not null,
        account_id bigint not null,
        transaction_id bigint not null,
        primary key (id)
    )
Hibernate: 
    create table transaction_entries (
        id bigint generated by default as identity,
        amount numeric(19,4) not null,
        debit_credit enum ('CREDIT','DEBIT') not null,
        account_id bigint not null,
        transaction_id bigint not null,
        primary key (id)
    )
2025-12-22T22:30:31.460+08:00 DEBUG 61980 --- [           main] org.hibernate.SQL                        : 
    create table transactions (
        id bigint generated by default as identity,
        date date not null,
        description varchar(256) not null,
        primary key (id)
    )
Hibernate: 
    create table transactions (
        id bigint generated by default as identity,
        date date not null,
        description varchar(256) not null,
        primary key (id)
    )
2025-12-22T22:30:31.461+08:00 DEBUG 61980 --- [           main] org.hibernate.SQL                        : 
    create table user_accounts (
        id bigint generated by default as identity,
        department varchar(64),
        employee_no varchar(64),
        name varchar(64) not null,
        password varchar(128) not null,
        position varchar(64),
        status varchar(16) not null,
        username varchar(64) not null,
        primary key (id)
    )
Hibernate: 
    create table user_accounts (
        id bigint generated by default as identity,
        department varchar(64),
        employee_no varchar(64),
        name varchar(64) not null,
        password varchar(128) not null,
        position varchar(64),
        status varchar(16) not null,
        username varchar(64) not null,
        primary key (id)
    )
2025-12-22T22:30:31.464+08:00 DEBUG 61980 --- [           main] org.hibernate.SQL                        : 
    create table user_roles (
        user_id bigint not null,
        role_id bigint not null,
        primary key (user_id, role_id)
    )
Hibernate: 
    create table user_roles (
        user_id bigint not null,
        role_id bigint not null,
        primary key (user_id, role_id)
    )
2025-12-22T22:30:31.465+08:00 DEBUG 61980 --- [           main] org.hibernate.SQL                        : 
    alter table if exists currencies 
       drop constraint if exists UK5r2dfxl1m7vus47ma0y05sflt
Hibernate: 
    alter table if exists currencies 
       drop constraint if exists UK5r2dfxl1m7vus47ma0y05sflt
2025-12-22T22:30:31.466+08:00 DEBUG 61980 --- [           main] org.hibernate.SQL                        : 
    alter table if exists currencies 
       add constraint UK5r2dfxl1m7vus47ma0y05sflt unique (code)
Hibernate: 
    alter table if exists currencies 
       add constraint UK5r2dfxl1m7vus47ma0y05sflt unique (code)
2025-12-22T22:30:31.467+08:00 DEBUG 61980 --- [           main] org.hibernate.SQL                        : 
    alter table if exists roles 
       drop constraint if exists UKofx66keruapi6vyqpv6f2or37
Hibernate: 
    alter table if exists roles 
       drop constraint if exists UKofx66keruapi6vyqpv6f2or37
2025-12-22T22:30:31.469+08:00 DEBUG 61980 --- [           main] org.hibernate.SQL                        : 
    alter table if exists roles 
       add constraint UKofx66keruapi6vyqpv6f2or37 unique (name)
Hibernate: 
    alter table if exists roles 
       add constraint UKofx66keruapi6vyqpv6f2or37 unique (name)
2025-12-22T22:30:31.469+08:00 DEBUG 61980 --- [           main] org.hibernate.SQL                        : 
    alter table if exists user_accounts 
       drop constraint if exists UKlxwlgwuy2yrbye2vgs9w9x7mr
Hibernate: 
    alter table if exists user_accounts 
       drop constraint if exists UKlxwlgwuy2yrbye2vgs9w9x7mr
2025-12-22T22:30:31.469+08:00 DEBUG 61980 --- [           main] org.hibernate.SQL                        : 
    alter table if exists user_accounts 
       add constraint UKlxwlgwuy2yrbye2vgs9w9x7mr unique (username)
Hibernate: 
    alter table if exists user_accounts 
       add constraint UKlxwlgwuy2yrbye2vgs9w9x7mr unique (username)
2025-12-22T22:30:31.470+08:00 DEBUG 61980 --- [           main] org.hibernate.SQL                        : 
    alter table if exists accounts 
       add constraint FKs08d0ccyak63pou9tfk093dbk 
       foreign key (currency_id) 
       references currencies
Hibernate: 
    alter table if exists accounts 
       add constraint FKs08d0ccyak63pou9tfk093dbk 
       foreign key (currency_id) 
       references currencies
2025-12-22T22:30:31.476+08:00 DEBUG 61980 --- [           main] org.hibernate.SQL                        : 
    alter table if exists accounts 
       add constraint FK7iek2tl1ntnp3yyks15odo4h2 
       foreign key (parent_id) 
       references accounts
Hibernate: 
    alter table if exists accounts 
       add constraint FK7iek2tl1ntnp3yyks15odo4h2 
       foreign key (parent_id) 
       references accounts
2025-12-22T22:30:31.477+08:00 DEBUG 61980 --- [           main] org.hibernate.SQL                        : 
    alter table if exists bank_statement_records 
       add constraint FK727by7ul9bwxwn6hh371naxb0 
       foreign key (account_id) 
       references accounts
Hibernate: 
    alter table if exists bank_statement_records 
       add constraint FK727by7ul9bwxwn6hh371naxb0 
       foreign key (account_id) 
       references accounts
2025-12-22T22:30:31.478+08:00 DEBUG 61980 --- [           main] org.hibernate.SQL                        : 
    alter table if exists companies 
       add constraint FKnp1gt0xjwoinby56d7mvctr3y 
       foreign key (default_currency_id) 
       references currencies
Hibernate: 
    alter table if exists companies 
       add constraint FKnp1gt0xjwoinby56d7mvctr3y 
       foreign key (default_currency_id) 
       references currencies
2025-12-22T22:30:31.478+08:00 DEBUG 61980 --- [           main] org.hibernate.SQL                        : 
    alter table if exists exchange_rates 
       add constraint FKhkch9xmcqrklukbwkv5q3jf7p 
       foreign key (from_currency_id) 
       references currencies
Hibernate: 
    alter table if exists exchange_rates 
       add constraint FKhkch9xmcqrklukbwkv5q3jf7p 
       foreign key (from_currency_id) 
       references currencies
2025-12-22T22:30:31.479+08:00 DEBUG 61980 --- [           main] org.hibernate.SQL                        : 
    alter table if exists exchange_rates 
       add constraint FK7mxjkyobm460mictds6935plq 
       foreign key (to_currency_id) 
       references currencies
Hibernate: 
    alter table if exists exchange_rates 
       add constraint FK7mxjkyobm460mictds6935plq 
       foreign key (to_currency_id) 
       references currencies
2025-12-22T22:30:31.480+08:00 DEBUG 61980 --- [           main] org.hibernate.SQL                        : 
    alter table if exists reconciliation_tasks 
       add constraint FK3ppjtugb9l5txie5w4vi44qas 
       foreign key (account_id) 
       references accounts
Hibernate: 
    alter table if exists reconciliation_tasks 
       add constraint FK3ppjtugb9l5txie5w4vi44qas 
       foreign key (account_id) 
       references accounts
2025-12-22T22:30:31.481+08:00 DEBUG 61980 --- [           main] org.hibernate.SQL                        : 
    alter table if exists role_permissions 
       add constraint FKn5fotdgk8d1xvo8nav9uv3muc 
       foreign key (role_id) 
       references roles
Hibernate: 
    alter table if exists role_permissions 
       add constraint FKn5fotdgk8d1xvo8nav9uv3muc 
       foreign key (role_id) 
       references roles
2025-12-22T22:30:31.482+08:00 DEBUG 61980 --- [           main] org.hibernate.SQL                        : 
    alter table if exists transaction_entries 
       add constraint FKajc1luuc2gflk6c26y9g27dcj 
       foreign key (account_id) 
       references accounts
Hibernate: 
    alter table if exists transaction_entries 
       add constraint FKajc1luuc2gflk6c26y9g27dcj 
       foreign key (account_id) 
       references accounts
2025-12-22T22:30:31.483+08:00 DEBUG 61980 --- [           main] org.hibernate.SQL                        : 
    alter table if exists transaction_entries 
       add constraint FKjyjlskyi2l33f20jv11rcv214 
       foreign key (transaction_id) 
       references transactions
Hibernate: 
    alter table if exists transaction_entries 
       add constraint FKjyjlskyi2l33f20jv11rcv214 
       foreign key (transaction_id) 
       references transactions
2025-12-22T22:30:31.483+08:00 DEBUG 61980 --- [           main] org.hibernate.SQL                        : 
    alter table if exists user_roles 
       add constraint FKh8ciramu9cc9q3qcqiv4ue8a6 
       foreign key (role_id) 
       references roles
Hibernate: 
    alter table if exists user_roles 
       add constraint FKh8ciramu9cc9q3qcqiv4ue8a6 
       foreign key (role_id) 
       references roles
2025-12-22T22:30:31.484+08:00 DEBUG 61980 --- [           main] org.hibernate.SQL                        : 
    alter table if exists user_roles 
       add constraint FKnb9ceyh529oqh9n3aiw68twme 
       foreign key (user_id) 
       references user_accounts
Hibernate: 
    alter table if exists user_roles 
       add constraint FKnb9ceyh529oqh9n3aiw68twme 
       foreign key (user_id) 
       references user_accounts
2025-12-22T22:30:31.488+08:00  INFO 61980 --- [           main] j.LocalContainerEntityManagerFactoryBean : Initialized JPA EntityManagerFactory for persistence unit 'default'
2025-12-22T22:30:32.757+08:00  WARN 61980 --- [           main] JpaBaseConfiguration$JpaWebConfiguration : spring.jpa.open-in-view is enabled by default. Therefore, database queries may be performed during view rendering. Explicitly configure spring.jpa.open-in-view to disable this warning
2025-12-22T22:30:32.868+08:00  WARN 61980 --- [           main] .s.s.UserDetailsServiceAutoConfiguration : 

Using generated security password: 19af4cb1-036c-4a67-a1a9-43d4179e9533

This generated password is for development use only. Your security configuration must be updated before running your application in production.

2025-12-22T22:30:32.970+08:00  INFO 61980 --- [           main] r$InitializeUserDetailsManagerConfigurer : Global AuthenticationManager configured with UserDetailsService bean with name inMemoryUserDetailsManager
2025-12-22T22:30:34.164+08:00  INFO 61980 --- [           main] o.s.b.a.h2.H2ConsoleAutoConfiguration    : H2 console available at '/h2-console'. Database available at 'jdbc:h2:mem:accountingdb'
2025-12-22T22:30:34.370+08:00  INFO 61980 --- [           main] o.s.b.t.m.w.SpringBootMockServletContext : Initializing Spring TestDispatcherServlet ''
2025-12-22T22:30:34.370+08:00  INFO 61980 --- [           main] o.s.t.web.servlet.TestDispatcherServlet  : Initializing Servlet ''
2025-12-22T22:30:34.371+08:00  INFO 61980 --- [           main] o.s.t.web.servlet.TestDispatcherServlet  : Completed initialization in 1 ms
2025-12-22T22:30:34.413+08:00  INFO 61980 --- [           main] c.e.accounting.ExternalContactTests      : Started ExternalContactTests in 8.608 seconds (process running for 9.77)
2025-12-22T22:30:35.356+08:00 DEBUG 61980 --- [           main] org.hibernate.SQL                        : 
    select
        ec1_0.id,
        ec1_0.address,
        ec1_0.bank_account,
        ec1_0.bank_name,
        ec1_0.email,
        ec1_0.main_contact,
        ec1_0.name,
        ec1_0.phone,
        ec1_0.status,
        ec1_0.tax_id,
        ec1_0.type 
    from
        external_contacts ec1_0 
    where
        ec1_0.tax_id=? 
        and ec1_0.status=?
Hibernate: 
    select
        ec1_0.id,
        ec1_0.address,
        ec1_0.bank_account,
        ec1_0.bank_name,
        ec1_0.email,
        ec1_0.main_contact,
        ec1_0.name,
        ec1_0.phone,
        ec1_0.status,
        ec1_0.tax_id,
        ec1_0.type 
    from
        external_contacts ec1_0 
    where
        ec1_0.tax_id=? 
        and ec1_0.status=?
2025-12-22T22:30:35.396+08:00 DEBUG 61980 --- [           main] org.hibernate.SQL                        : 
    insert 
    into
        external_contacts
        (address, bank_account, bank_name, email, main_contact, name, phone, status, tax_id, type, id) 
    values
        (?, ?, ?, ?, ?, ?, ?, ?, ?, ?, default)
Hibernate: 
    insert 
    into
        external_contacts
        (address, bank_account, bank_name, email, main_contact, name, phone, status, tax_id, type, id) 
    values
        (?, ?, ?, ?, ?, ?, ?, ?, ?, ?, default)
2025-12-22T22:30:35.462+08:00 DEBUG 61980 --- [           main] org.hibernate.SQL                        : 
    select
        ec1_0.id,
        ec1_0.address,
        ec1_0.bank_account,
        ec1_0.bank_name,
        ec1_0.email,
        ec1_0.main_contact,
        ec1_0.name,
        ec1_0.phone,
        ec1_0.status,
        ec1_0.tax_id,
        ec1_0.type 
    from
        external_contacts ec1_0 
    where
        ec1_0.id=?
Hibernate: 
    select
        ec1_0.id,
        ec1_0.address,
        ec1_0.bank_account,
        ec1_0.bank_name,
        ec1_0.email,
        ec1_0.main_contact,
        ec1_0.name,
        ec1_0.phone,
        ec1_0.status,
        ec1_0.tax_id,
        ec1_0.type 
    from
        external_contacts ec1_0 
    where
        ec1_0.id=?
2025-12-22T22:30:35.471+08:00 DEBUG 61980 --- [           main] org.hibernate.SQL                        : 
    update
        external_contacts 
    set
        address=?,
        bank_account=?,
        bank_name=?,
        email=?,
        main_contact=?,
        name=?,
        phone=?,
        status=?,
        tax_id=?,
        type=? 
    where
        id=?
Hibernate: 
    update
        external_contacts 
    set
        address=?,
        bank_account=?,
        bank_name=?,
        email=?,
        main_contact=?,
        name=?,
        phone=?,
        status=?,
        tax_id=?,
        type=? 
    where
        id=?
2025-12-22T22:30:35.481+08:00 DEBUG 61980 --- [           main] org.hibernate.SQL                        : 
    select
        ec1_0.id,
        ec1_0.address,
        ec1_0.bank_account,
        ec1_0.bank_name,
        ec1_0.email,
        ec1_0.main_contact,
        ec1_0.name,
        ec1_0.phone,
        ec1_0.status,
        ec1_0.tax_id,
        ec1_0.type 
    from
        external_contacts ec1_0 
    where
        ec1_0.tax_id=? 
        and ec1_0.status=?
Hibernate: 
    select
        ec1_0.id,
        ec1_0.address,
        ec1_0.bank_account,
        ec1_0.bank_name,
        ec1_0.email,
        ec1_0.main_contact,
        ec1_0.name,
        ec1_0.phone,
        ec1_0.status,
        ec1_0.tax_id,
        ec1_0.type 
    from
        external_contacts ec1_0 
    where
        ec1_0.tax_id=? 
        and ec1_0.status=?
2025-12-22T22:30:35.483+08:00 DEBUG 61980 --- [           main] org.hibernate.SQL                        : 
    insert 
    into
        external_contacts
        (address, bank_account, bank_name, email, main_contact, name, phone, status, tax_id, type, id) 
    values
        (?, ?, ?, ?, ?, ?, ?, ?, ?, ?, default)
Hibernate: 
    insert 
    into
        external_contacts
        (address, bank_account, bank_name, email, main_contact, name, phone, status, tax_id, type, id) 
    values
        (?, ?, ?, ?, ?, ?, ?, ?, ?, ?, default)
]]></system-out>
  </testcase>
</testsuite>