<?xml version="1.0" encoding="UTF-8"?>
<testsuite xmlns:xsi="http://www.w3.org/2001/XMLSchema-instance" xsi:noNamespaceSchemaLocation="https://maven.apache.org/surefire/maven-surefire-plugin/xsd/surefire-test-report-3.0.xsd" version="3.0" name="com.example.accounting.InitializationAndTransactionTests" time="0.64" tests="1" errors="0" skipped="0" failures="0">
  <properties>
[...]
</properties>
  <testcase name="initializeAndCreateBalancedTransaction" classname="com.example.accounting.InitializationAndTransactionTests" time="0.628">
    <system-out><![CDATA[2025-12-22T22:30:35.507+08:00  INFO 61980 --- [           main] t.c.s.AnnotationConfigContextLoaderUtils : Could not detect default configuration classes for test class [com.example.accounting.InitializationAndTransactionTests]: InitializationAndTransactionTests does not declare any static, non-private, non-final, nested classes annotated with @Configuration.
2025-12-22T22:30:35.512+08:00  INFO 61980 --- [           main] .b.t.c.SpringBootTestContextBootstrapper : Found @SpringBootConfiguration com.example.accounting.AccountingApplication for test class com.example.accounting.InitializationAndTransactionTests
2025-12-22T22:30:35.609+08:00 DEBUG 61980 --- [           main] org.hibernate.SQL                        : 
    select
        c1_0.id,
        c1_0.accounting_standard,
        c1_0.default_currency_id,
        c1_0.initialized,
        c1_0.name,
        c1_0.start_date,
        c1_0.tax_id 
    from
        companies c1_0 
    order by
        c1_0.id 
    fetch
        first ? rows only
Hibernate: 
    select
        c1_0.id,
        c1_0.accounting_standard,
        c1_0.default_currency_id,
        c1_0.initialized,
        c1_0.name,
        c1_0.start_date,
        c1_0.tax_id 
    from
        companies c1_0 
    order by
        c1_0.id 
    fetch
        first ? rows only
2025-12-22T22:30:35.612+08:00 DEBUG 61980 --- [           main] org.hibernate.SQL                        : 
    select
        c1_0.id,
        c1_0.code,
        c1_0.fraction_digits,
        c1_0.name 
    from
        currencies c1_0 
    where
        c1_0.code=?
Hibernate: 
    select
        c1_0.id,
        c1_0.code,
        c1_0.fraction_digits,
        c1_0.name 
    from
        currencies c1_0 
    where
        c1_0.code=?
2025-12-22T22:30:35.614+08:00 DEBUG 61980 --- [           main] org.hibernate.SQL                        : 
    insert 
    into
        currencies
        (code, fraction_digits, name, id) 
    values
        (?, ?, ?, default)
Hibernate: 
    insert 
    into
        currencies
        (code, fraction_digits, name, id) 
    values
        (?, ?, ?, default)
2025-12-22T22:30:35.617+08:00 DEBUG 61980 --- [           main] org.hibernate.SQL                        : 
    select
        c1_0.id,
        c1_0.accounting_standard,
        c1_0.default_currency_id,
        c1_0.initialized,
        c1_0.name,
        c1_0.start_date,
        c1_0.tax_id 
    from
        companies c1_0 
    order by
        c1_0.id 
    fetch
        first ? rows only
Hibernate: 
    select
        c1_0.id,
        c1_0.accounting_standard,
        c1_0.default_currency_id,
        c1_0.initialized,
        c1_0.name,
        c1_0.start_date,
        c1_0.tax_id 
    from
        companies c1_0 
    order by
        c1_0.id 
    fetch
        first ? rows only
2025-12-22T22:30:35.620+08:00 DEBUG 61980 --- [           main] org.hibernate.SQL                        : 
    insert 
    into
        companies
        (accounting_standard, default_currency_id, initialized, name, start_date, tax_id, id) 
    values
        (?, ?, ?, ?, ?, ?, default)
Hibernate: 
    insert 
    into
        companies
        (accounting_standard, default_currency_id, initialized, name, start_date, tax_id, id) 
    values
        (?, ?, ?, ?, ?, ?, default)
2025-12-22T22:30:35.626+08:00 DEBUG 61980 --- [           main] org.hibernate.SQL                        : 
    select
        c1_0.id,
        c1_0.code,
        c1_0.fraction_digits,
        c1_0.name 
    from
        currencies c1_0 
    where
        c1_0.code=?
Hibernate: 
    select
        c1_0.id,
        c1_0.code,
        c1_0.fraction_digits,
        c1_0.name 
    from
        currencies c1_0 
    where
        c1_0.code=?
2025-12-22T22:30:35.630+08:00 DEBUG 61980 --- [           main] org.hibernate.SQL                        : 
    insert 
    into
        accounts
        (balance, code, currency_id, enabled, name, parent_id, type, id) 
    values
        (?, ?, ?, ?, ?, ?, ?, default)
Hibernate: 
    insert 
    into
        accounts
        (balance, code, currency_id, enabled, name, parent_id, type, id) 
    values
        (?, ?, ?, ?, ?, ?, ?, default)
2025-12-22T22:30:35.634+08:00 DEBUG 61980 --- [           main] org.hibernate.SQL                        : 
    select
        c1_0.id,
        c1_0.code,
        c1_0.fraction_digits,
        c1_0.name 
    from
        currencies c1_0 
    where
        c1_0.code=?
Hibernate: 
    select
        c1_0.id,
        c1_0.code,
        c1_0.fraction_digits,
        c1_0.name 
    from
        currencies c1_0 
    where
        c1_0.code=?
2025-12-22T22:30:35.636+08:00 DEBUG 61980 --- [           main] org.hibernate.SQL                        : 
    insert 
    into
        accounts
        (balance, code, currency_id, enabled, name, parent_id, type, id) 
    values
        (?, ?, ?, ?, ?, ?, ?, default)
Hibernate: 
    insert 
    into
        accounts
        (balance, code, currency_id, enabled, name, parent_id, type, id) 
    values
        (?, ?, ?, ?, ?, ?, ?, default)
2025-12-22T22:30:35.639+08:00 DEBUG 61980 --- [           main] org.hibernate.SQL                        : 
    update
        companies 
    set
        accounting_standard=?,
        default_currency_id=?,
        initialized=?,
        name=?,
        start_date=?,
        tax_id=? 
    where
        id=?
Hibernate: 
    update
        companies 
    set
        accounting_standard=?,
        default_currency_id=?,
        initialized=?,
        name=?,
        start_date=?,
        tax_id=? 
    where
        id=?
2025-12-22T22:30:36.019+08:00 DEBUG 61980 --- [           main] org.hibernate.SQL                        : 
    select
        count(*) 
    from
        currencies c1_0
Hibernate: 
    select
        count(*) 
    from
        currencies c1_0
2025-12-22T22:30:36.035+08:00 DEBUG 61980 --- [           main] org.hibernate.SQL                        : 
    select
        a1_0.id,
        a1_0.balance,
        a1_0.code,
        a1_0.currency_id,
        a1_0.enabled,
        a1_0.name,
        a1_0.parent_id,
        a1_0.type 
    from
        accounts a1_0 
    where
        a1_0.id=?
Hibernate: 
    select
        a1_0.id,
        a1_0.balance,
        a1_0.code,
        a1_0.currency_id,
        a1_0.enabled,
        a1_0.name,
        a1_0.parent_id,
        a1_0.type 
    from
        accounts a1_0 
    where
        a1_0.id=?
2025-12-22T22:30:36.049+08:00 DEBUG 61980 --- [           main] org.hibernate.SQL                        : 
    select
        a1_0.id,
        a1_0.balance,
        a1_0.code,
        a1_0.currency_id,
        a1_0.enabled,
        a1_0.name,
        a1_0.parent_id,
        a1_0.type 
    from
        accounts a1_0 
    where
        a1_0.id=?
Hibernate: 
    select
        a1_0.id,
        a1_0.balance,
        a1_0.code,
        a1_0.currency_id,
        a1_0.enabled,
        a1_0.name,
        a1_0.parent_id,
        a1_0.type 
    from
        accounts a1_0 
    where
        a1_0.id=?
2025-12-22T22:30:36.066+08:00 DEBUG 61980 --- [           main] org.hibernate.SQL                        : 
    insert 
    into
        transactions
        (date, description, id) 
    values
        (?, ?, default)
Hibernate: 
    insert 
    into
        transactions
        (date, description, id) 
    values
        (?, ?, default)
2025-12-22T22:30:36.069+08:00 DEBUG 61980 --- [           main] org.hibernate.SQL                        : 
    insert 
    into
        transaction_entries
        (account_id, amount, debit_credit, transaction_id, id) 
    values
        (?, ?, ?, ?, default)
Hibernate: 
    insert 
    into
        transaction_entries
        (account_id, amount, debit_credit, transaction_id, id) 
    values
        (?, ?, ?, ?, default)
2025-12-22T22:30:36.071+08:00 DEBUG 61980 --- [           main] org.hibernate.SQL                        : 
    insert 
    into
        transaction_entries
        (account_id, amount, debit_credit, transaction_id, id) 
    values
        (?, ?, ?, ?, default)
Hibernate: 
    insert 
    into
        transaction_entries
        (account_id, amount, debit_credit, transaction_id, id) 
    values
        (?, ?, ?, ?, default)
2025-12-22T22:30:36.077+08:00 DEBUG 61980 --- [           main] org.hibernate.SQL                        : 
    update
        accounts 
    set
        balance=?,
        code=?,
        currency_id=?,
        enabled=?,
        name=?,
        parent_id=?,
        type=? 
    where
        id=?
Hibernate: 
    update
        accounts 
    set
        balance=?,
        code=?,
        currency_id=?,
        enabled=?,
        name=?,
        parent_id=?,
        type=? 
    where
        id=?
2025-12-22T22:30:36.078+08:00 DEBUG 61980 --- [           main] org.hibernate.SQL                        : 
    update
        accounts 
    set
        balance=?,
        code=?,
        currency_id=?,
        enabled=?,
        name=?,
        parent_id=?,
        type=? 
    where
        id=?
Hibernate: 
    update
        accounts 
    set
        balance=?,
        code=?,
        currency_id=?,
        enabled=?,
        name=?,
        parent_id=?,
        type=? 
    where
        id=?
2025-12-22T22:30:36.136+08:00  WARN 61980 --- [           main] .w.s.m.s.DefaultHandlerExceptionResolver : Ignoring exception, response committed already: org.springframework.http.converter.HttpMessageNotWritableException: Could not write JSON: Document nesting depth (1001) exceeds the maximum allowed (1000, from `StreamWriteConstraints.getMaxNestingDepth()`)
2025-12-22T22:30:36.137+08:00  WARN 61980 --- [           main] .w.s.m.s.DefaultHandlerExceptionResolver : Resolved [org.springframework.http.converter.HttpMessageNotWritableException: Could not write JSON: Document nesting depth (1001) exceeds the maximum allowed (1000, from `StreamWriteConstraints.getMaxNestingDepth()`)]
]]></system-out>
  </testcase>
</testsuite>