<?xml version="1.0" encoding="UTF-8"?>
<testsuite xmlns:xsi="http://www.w3.org/2001/XMLSchema-instance" xsi:noNamespaceSchemaLocation="https://maven.apache.org/surefire/maven-surefire-plugin/xsd/surefire-test-report-3.0.xsd" version="3.0" name="com.example.accounting.ReportAndReconciliationTests" time="0.178" tests="1" errors="0" skipped="0" failures="0">
  <properties>
[...]
</properties>
  <testcase name="generateReportsAndReconcile" classname="com.example.accounting.ReportAndReconciliationTests" time="0.167">
    <system-out><![CDATA[2025-12-22T22:09:23.987+08:00  INFO 53684 --- [           main] t.c.s.AnnotationConfigContextLoaderUtils : Could not detect default configuration classes for test class [com.example.accounting.ReportAndReconciliationTests]: ReportAndReconciliationTests does not declare any static, non-private, non-final, nested classes annotated with @Configuration.
2025-12-22T22:09:23.992+08:00  INFO 53684 --- [           main] .b.t.c.SpringBootTestContextBootstrapper : Found @SpringBootConfiguration com.example.accounting.AccountingApplication for test class com.example.accounting.ReportAndReconciliationTests
2025-12-22T22:09:24.045+08:00 DEBUG 53684 --- [           main] org.hibernate.SQL                        : 
    select
        c1_0.id,
        c1_0.code,
        c1_0.fraction_digits,
        c1_0.name 
    from
        currencies c1_0 
    where
        c1_0.code=?
Hibernate: 
    select
        c1_0.id,
        c1_0.code,
        c1_0.fraction_digits,
        c1_0.name 
    from
        currencies c1_0 
    where
        c1_0.code=?
2025-12-22T22:09:24.049+08:00 DEBUG 53684 --- [           main] org.hibernate.SQL                        : 
    insert 
    into
        accounts
        (balance, code, currency_id, enabled, name, parent_id, type, id) 
    values
        (?, ?, ?, ?, ?, ?, ?, default)
Hibernate: 
    insert 
    into
        accounts
        (balance, code, currency_id, enabled, name, parent_id, type, id) 
    values
        (?, ?, ?, ?, ?, ?, ?, default)
2025-12-22T22:09:24.053+08:00 DEBUG 53684 --- [           main] org.hibernate.SQL                        : 
    select
        bsr1_0.id,
        bsr1_0.balance,
        bsr1_0.account_id,
        bsr1_0.credit_amount,
        bsr1_0.date,
        bsr1_0.debit_amount,
        bsr1_0.description,
        bsr1_0.match_status,
        bsr1_0.reference 
    from
        bank_statement_records bsr1_0
Hibernate: 
    select
        bsr1_0.id,
        bsr1_0.balance,
        bsr1_0.account_id,
        bsr1_0.credit_amount,
        bsr1_0.date,
        bsr1_0.debit_amount,
        bsr1_0.description,
        bsr1_0.match_status,
        bsr1_0.reference 
    from
        bank_statement_records bsr1_0
2025-12-22T22:09:24.057+08:00 DEBUG 53684 --- [           main] org.hibernate.SQL                        : 
    insert 
    into
        bank_statement_records
        (balance, account_id, credit_amount, date, debit_amount, description, match_status, reference, id) 
    values
        (?, ?, ?, ?, ?, ?, ?, ?, default)
Hibernate: 
    insert 
    into
        bank_statement_records
        (balance, account_id, credit_amount, date, debit_amount, description, match_status, reference, id) 
    values
        (?, ?, ?, ?, ?, ?, ?, ?, default)
2025-12-22T22:09:24.067+08:00 DEBUG 53684 --- [           main] org.hibernate.SQL                        : 
    select
        c1_0.id,
        c1_0.code,
        c1_0.fraction_digits,
        c1_0.name 
    from
        currencies c1_0 
    where
        c1_0.code=?
Hibernate: 
    select
        c1_0.id,
        c1_0.code,
        c1_0.fraction_digits,
        c1_0.name 
    from
        currencies c1_0 
    where
        c1_0.code=?
2025-12-22T22:09:24.080+08:00 DEBUG 53684 --- [           main] org.hibernate.SQL                        : 
    select
        a1_0.id,
        a1_0.balance,
        a1_0.code,
        a1_0.currency_id,
        a1_0.enabled,
        a1_0.name,
        a1_0.parent_id,
        a1_0.type 
    from
        accounts a1_0
Hibernate: 
    select
        a1_0.id,
        a1_0.balance,
        a1_0.code,
        a1_0.currency_id,
        a1_0.enabled,
        a1_0.name,
        a1_0.parent_id,
        a1_0.type 
    from
        accounts a1_0
2025-12-22T22:09:24.092+08:00 DEBUG 53684 --- [           main] org.hibernate.SQL                        : 
    select
        c1_0.id,
        c1_0.code,
        c1_0.fraction_digits,
        c1_0.name 
    from
        currencies c1_0 
    where
        c1_0.code=?
Hibernate: 
    select
        c1_0.id,
        c1_0.code,
        c1_0.fraction_digits,
        c1_0.name 
    from
        currencies c1_0 
    where
        c1_0.code=?
2025-12-22T22:09:24.095+08:00 DEBUG 53684 --- [           main] org.hibernate.SQL                        : 
    select
        a1_0.id,
        a1_0.balance,
        a1_0.code,
        a1_0.currency_id,
        a1_0.enabled,
        a1_0.name,
        a1_0.parent_id,
        a1_0.type 
    from
        accounts a1_0
Hibernate: 
    select
        a1_0.id,
        a1_0.balance,
        a1_0.code,
        a1_0.currency_id,
        a1_0.enabled,
        a1_0.name,
        a1_0.parent_id,
        a1_0.type 
    from
        accounts a1_0
2025-12-22T22:09:24.128+08:00 DEBUG 53684 --- [           main] org.hibernate.SQL                        : 
    select
        a1_0.id,
        a1_0.balance,
        a1_0.code,
        a1_0.currency_id,
        a1_0.enabled,
        a1_0.name,
        a1_0.parent_id,
        a1_0.type 
    from
        accounts a1_0 
    where
        a1_0.id=?
Hibernate: 
    select
        a1_0.id,
        a1_0.balance,
        a1_0.code,
        a1_0.currency_id,
        a1_0.enabled,
        a1_0.name,
        a1_0.parent_id,
        a1_0.type 
    from
        accounts a1_0 
    where
        a1_0.id=?
2025-12-22T22:09:24.141+08:00 DEBUG 53684 --- [           main] org.hibernate.SQL                        : 
    select
        bsr1_0.id,
        bsr1_0.balance,
        bsr1_0.account_id,
        bsr1_0.credit_amount,
        bsr1_0.date,
        bsr1_0.debit_amount,
        bsr1_0.description,
        bsr1_0.match_status,
        bsr1_0.reference 
    from
        bank_statement_records bsr1_0 
    where
        bsr1_0.account_id=? 
        and bsr1_0.date between ? and ?
Hibernate: 
    select
        bsr1_0.id,
        bsr1_0.balance,
        bsr1_0.account_id,
        bsr1_0.credit_amount,
        bsr1_0.date,
        bsr1_0.debit_amount,
        bsr1_0.description,
        bsr1_0.match_status,
        bsr1_0.reference 
    from
        bank_statement_records bsr1_0 
    where
        bsr1_0.account_id=? 
        and bsr1_0.date between ? and ?
2025-12-22T22:09:24.148+08:00 DEBUG 53684 --- [           main] org.hibernate.SQL                        : 
    select
        te1_0.id,
        te1_0.account_id,
        te1_0.amount,
        te1_0.debit_credit,
        te1_0.transaction_id 
    from
        transaction_entries te1_0 
    left join
        transactions t1_0 
            on t1_0.id=te1_0.transaction_id 
    where
        te1_0.account_id=? 
        and t1_0.date between ? and ?
Hibernate: 
    select
        te1_0.id,
        te1_0.account_id,
        te1_0.amount,
        te1_0.debit_credit,
        te1_0.transaction_id 
    from
        transaction_entries te1_0 
    left join
        transactions t1_0 
            on t1_0.id=te1_0.transaction_id 
    where
        te1_0.account_id=? 
        and t1_0.date between ? and ?
2025-12-22T22:09:24.152+08:00 DEBUG 53684 --- [           main] org.hibernate.SQL                        : 
    insert 
    into
        reconciliation_tasks
        (account_id, executed_at, executor, period_end, period_start, status, id) 
    values
        (?, ?, ?, ?, ?, ?, default)
Hibernate: 
    insert 
    into
        reconciliation_tasks
        (account_id, executed_at, executor, period_end, period_start, status, id) 
    values
        (?, ?, ?, ?, ?, ?, default)
]]></system-out>
  </testcase>
</testsuite>